Using pre-set license
Built from '2022.3/staging' branch; Version is '2022.3.21f1 (bf09ca542b87) revision 12519882'; Using compiler version '192829333'; Build Type 'Release'
OS: 'Windows 11  (10.0.22631) 64bit CoreSingleLanguage' Language: 'en' Physical Memory: 16235 MB
BatchMode: 1, IsHumanControllingUs: 0, StartBugReporterOnCrash: 0, Is64bit: 1, IsPro: 1

COMMAND LINE ARGUMENTS:
C:\Program Files\Unity\Hub\Editor\2022.3.21f1\Editor\Unity.exe
-adb2
-batchMode
-noUpm
-name
AssetImportWorker1
-projectPath
C:/Users/ASUS/Documents/GitHub/GADE_3rdYear/TowerDef
-logFile
Logs/AssetImportWorker1.log
-srvPort
62843
Successfully changed project path to: C:/Users/ASUS/Documents/GitHub/GADE_3rdYear/TowerDef
C:/Users/ASUS/Documents/GitHub/GADE_3rdYear/TowerDef
[UnityMemory] Configuration Parameters - Can be set up in boot.config
    "memorysetup-bucket-allocator-granularity=16"
    "memorysetup-bucket-allocator-bucket-count=8"
    "memorysetup-bucket-allocator-block-size=33554432"
    "memorysetup-bucket-allocator-block-count=8"
    "memorysetup-main-allocator-block-size=16777216"
    "memorysetup-thread-allocator-block-size=16777216"
    "memorysetup-gfx-main-allocator-block-size=16777216"
    "memorysetup-gfx-thread-allocator-block-size=16777216"
    "memorysetup-cache-allocator-block-size=4194304"
    "memorysetup-typetree-allocator-block-size=2097152"
    "memorysetup-profiler-bucket-allocator-granularity=16"
    "memorysetup-profiler-bucket-allocator-bucket-count=8"
    "memorysetup-profiler-bucket-allocator-block-size=33554432"
    "memorysetup-profiler-bucket-allocator-block-count=8"
    "memorysetup-profiler-allocator-block-size=16777216"
    "memorysetup-profiler-editor-allocator-block-size=1048576"
    "memorysetup-temp-allocator-size-main=16777216"
    "memorysetup-job-temp-allocator-block-size=2097152"
    "memorysetup-job-temp-allocator-block-size-background=1048576"
    "memorysetup-job-temp-allocator-reduction-small-platforms=262144"
    "memorysetup-allocator-temp-initial-block-size-main=262144"
    "memorysetup-allocator-temp-initial-block-size-worker=262144"
    "memorysetup-temp-allocator-size-background-worker=32768"
    "memorysetup-temp-allocator-size-job-worker=262144"
    "memorysetup-temp-allocator-size-preload-manager=33554432"
    "memorysetup-temp-allocator-size-nav-mesh-worker=65536"
    "memorysetup-temp-allocator-size-audio-worker=65536"
    "memorysetup-temp-allocator-size-cloud-worker=32768"
    "memorysetup-temp-allocator-size-gi-baking-worker=262144"
    "memorysetup-temp-allocator-size-gfx=262144"
Player connection [22128] Host "[IP] 192.168.10.198 [Port] 0 [Flags] 2 [Guid] 2571645698 [EditorId] 2571645698 [Version] 1048832 [Id] WindowsEditor(7,LAPTOP-JIMEAICS) [Debug] 1 [PackageName] WindowsEditor [ProjectName] Editor" joined multi-casting on [225.0.0.222:54997]...

Player connection [22128] Host "[IP] 192.168.10.198 [Port] 0 [Flags] 2 [Guid] 2571645698 [EditorId] 2571645698 [Version] 1048832 [Id] WindowsEditor(7,LAPTOP-JIMEAICS) [Debug] 1 [PackageName] WindowsEditor [ProjectName] Editor" joined alternative multi-casting on [225.0.0.222:34997]...

[Physics::Module] Initialized MultithreadedJobDispatcher with 7 workers.
Refreshing native plugins compatible for Editor in 31.13 ms, found 3 plugins.
Preloading 0 native plugins for Editor in 0.00 ms.
Initialize engine version: 2022.3.21f1 (bf09ca542b87)
[Subsystems] Discovering subsystems at path C:/Program Files/Unity/Hub/Editor/2022.3.21f1/Editor/Data/Resources/UnitySubsystems
[Subsystems] Discovering subsystems at path C:/Users/ASUS/Documents/GitHub/GADE_3rdYear/TowerDef/Assets
GfxDevice: creating device client; threaded=0; jobified=0
Direct3D:
    Version:  Direct3D 11.0 [level 11.1]
    Renderer: NVIDIA GeForce GTX 1650 (ID=0x1f91)
    Vendor:   NVIDIA
    VRAM:     3938 MB
    Driver:   32.0.15.6109
Initialize mono
Mono path[0] = 'C:/Program Files/Unity/Hub/Editor/2022.3.21f1/Editor/Data/Managed'
Mono path[1] = 'C:/Program Files/Unity/Hub/Editor/2022.3.21f1/Editor/Data/MonoBleedingEdge/lib/mono/unityjit-win32'
Mono config path = 'C:/Program Files/Unity/Hub/Editor/2022.3.21f1/Editor/Data/MonoBleedingEdge/etc'
Using monoOptions --debugger-agent=transport=dt_socket,embedding=1,server=y,suspend=n,address=127.0.0.1:56404
Begin MonoManager ReloadAssembly
Registering precompiled unity dll's ...
Register platform support module: C:/Program Files/Unity/Hub/Editor/2022.3.21f1/Editor/Data/PlaybackEngines/WindowsStandaloneSupport/UnityEditor.WindowsStandalone.Extensions.dll
Registered in 0.201205 seconds.
- Loaded All Assemblies, in  8.559 seconds
Native extension for WindowsStandalone target not found
Mono: successfully reloaded assembly
- Finished resetting the current domain, in  0.341 seconds
Domain Reload Profiling: 8897ms
	BeginReloadAssembly (6593ms)
		ExecutionOrderSort (0ms)
		DisableScriptedObjects (0ms)
		BackupInstance (0ms)
		ReleaseScriptingObjects (0ms)
		CreateAndSetChildDomain (1ms)
	RebuildCommonClasses (347ms)
	RebuildNativeTypeToScriptingClass (15ms)
	initialDomainReloadingComplete (275ms)
	LoadAllAssembliesAndSetupDomain (1325ms)
		LoadAssemblies (6587ms)
		RebuildTransferFunctionScriptingTraits (0ms)
		AnalyzeDomain (1323ms)
			TypeCache.Refresh (1321ms)
				TypeCache.ScanAssembly (936ms)
			ScanForSourceGeneratedMonoScriptInfo (1ms)
			ResolveRequiredComponents (1ms)
	FinalizeReload (341ms)
		ReleaseScriptCaches (0ms)
		RebuildScriptCaches (0ms)
		SetupLoadedEditorAssemblies (262ms)
			LogAssemblyErrors (0ms)
			InitializePlatformSupportModulesInManaged (13ms)
			SetLoadedEditorAssemblies (12ms)
			RefreshPlugins (0ms)
			BeforeProcessingInitializeOnLoad (2ms)
			ProcessInitializeOnLoadAttributes (177ms)
			ProcessInitializeOnLoadMethodAttributes (57ms)
			AfterProcessingInitializeOnLoad (0ms)
			EditorAssembliesLoaded (0ms)
		ExecutionOrderSort2 (0ms)
		AwakeInstancesAfterBackupRestoration (0ms)
========================================================================
Worker process is ready to serve import requests
Begin MonoManager ReloadAssembly
- Loaded All Assemblies, in  3.261 seconds
Refreshing native plugins compatible for Editor in 5.79 ms, found 3 plugins.
Native extension for WindowsStandalone target not found
Package Manager log level set to [2]
[Package Manager] Server::EnsureServerProcessIsRunning -- launch failed, reason: Unity was launched with the -noUpm command-line argument
[Package Manager] UpmClient::Send -- Unable to send message (not connected to UPM process).
[Package Manager] Cannot connect to Unity Package Manager local server
Mono: successfully reloaded assembly
- Finished resetting the current domain, in  0.845 seconds
Domain Reload Profiling: 4100ms
	BeginReloadAssembly (224ms)
		ExecutionOrderSort (0ms)
		DisableScriptedObjects (7ms)
		BackupInstance (0ms)
		ReleaseScriptingObjects (0ms)
		CreateAndSetChildDomain (29ms)
	RebuildCommonClasses (51ms)
	RebuildNativeTypeToScriptingClass (16ms)
	initialDomainReloadingComplete (65ms)
	LoadAllAssembliesAndSetupDomain (2897ms)
		LoadAssemblies (2692ms)
		RebuildTransferFunctionScriptingTraits (0ms)
		AnalyzeDomain (342ms)
			TypeCache.Refresh (310ms)
				TypeCache.ScanAssembly (212ms)
			ScanForSourceGeneratedMonoScriptInfo (23ms)
			ResolveRequiredComponents (7ms)
	FinalizeReload (846ms)
		ReleaseScriptCaches (0ms)
		RebuildScriptCaches (0ms)
		SetupLoadedEditorAssemblies (615ms)
			LogAssemblyErrors (0ms)
			InitializePlatformSupportModulesInManaged (8ms)
			SetLoadedEditorAssemblies (7ms)
			RefreshPlugins (0ms)
			BeforeProcessingInitializeOnLoad (94ms)
			ProcessInitializeOnLoadAttributes (461ms)
			ProcessInitializeOnLoadMethodAttributes (32ms)
			AfterProcessingInitializeOnLoad (13ms)
			EditorAssembliesLoaded (0ms)
		ExecutionOrderSort2 (0ms)
		AwakeInstancesAfterBackupRestoration (11ms)
Launched and connected shader compiler UnityShaderCompiler.exe after 0.12 seconds
Refreshing native plugins compatible for Editor in 7.07 ms, found 3 plugins.
Preloading 0 native plugins for Editor in 0.00 ms.
Unloading 3190 Unused Serialized files (Serialized files now loaded: 0)
Unloading 32 unused Assets / (57.8 KB). Loaded Objects now: 3670.
Memory consumption went from 136.9 MB to 136.8 MB.
Total: 4.834600 ms (FindLiveObjects: 0.285400 ms CreateObjectMapping: 0.291800 ms MarkObjects: 4.128000 ms  DeleteObjects: 0.127600 ms)

AssetImportParameters requested are different than current active one (requested -> active):
  custom:container-demuxer-ogg: 62fdf1f143b41e24485cea50d1cbac27 -> 
  custom:video-decoder-ogg-theora: a1e56fd34408186e4bbccfd4996cb3dc -> 
  custom:framework-win-MediaFoundation: 216162199b28c13a410421893ffa2e32 -> 
  custom:CustomObjectIndexerAttribute: 9a22284fe3817be447336de3de66b15e -> 
  custom:container-demuxer-webm: 4f35f7cbe854078d1ac9338744f61a02 -> 
  custom:container-muxer-webm: aa71ff27fc2769a1b78a27578f13a17b -> 
  custom:video-decoder-webm-vp8: 9c59270c3fd7afecdb556c50c9e8de78 -> 
  custom:SearchIndexIgnoredProperties: e643bd26f0fe6173181afceb89e7c659 -> 
  custom:AudioImporter_EditorPlatform: d09bf68614088b80899f8185d706f6e7 -> 
  custom:video-encoder-webm-vp8: eb34c28f22e8b96e1ab97ce403110664 -> 
  custom:audio-decoder-ogg-vorbis: bf7c407c2cedff20999df2af8eb42d56 -> 
  custom:audio-encoder-webm-vorbis: bf7c407c2cedff20999df2af8eb42d56 -> 
========================================================================
Received Prepare
Begin MonoManager ReloadAssembly
- Loaded All Assemblies, in  0.690 seconds
Refreshing native plugins compatible for Editor in 6.74 ms, found 3 plugins.
Native extension for WindowsStandalone target not found
[Package Manager] Server::EnsureServerProcessIsRunning -- launch failed, reason: Unity was launched with the -noUpm command-line argument
[Package Manager] UpmClient::Send -- Unable to send message (not connected to UPM process).
[Package Manager] Cannot connect to Unity Package Manager local server
Mono: successfully reloaded assembly
- Finished resetting the current domain, in  1.363 seconds
Domain Reload Profiling: 2047ms
	BeginReloadAssembly (237ms)
		ExecutionOrderSort (0ms)
		DisableScriptedObjects (8ms)
		BackupInstance (0ms)
		ReleaseScriptingObjects (0ms)
		CreateAndSetChildDomain (51ms)
	RebuildCommonClasses (48ms)
	RebuildNativeTypeToScriptingClass (13ms)
	initialDomainReloadingComplete (51ms)
	LoadAllAssembliesAndSetupDomain (334ms)
		LoadAssemblies (450ms)
		RebuildTransferFunctionScriptingTraits (0ms)
		AnalyzeDomain (21ms)
			TypeCache.Refresh (9ms)
				TypeCache.ScanAssembly (0ms)
			ScanForSourceGeneratedMonoScriptInfo (0ms)
			ResolveRequiredComponents (9ms)
	FinalizeReload (1364ms)
		ReleaseScriptCaches (0ms)
		RebuildScriptCaches (0ms)
		SetupLoadedEditorAssemblies (592ms)
			LogAssemblyErrors (0ms)
			InitializePlatformSupportModulesInManaged (9ms)
			SetLoadedEditorAssemblies (8ms)
			RefreshPlugins (0ms)
			BeforeProcessingInitializeOnLoad (103ms)
			ProcessInitializeOnLoadAttributes (425ms)
			ProcessInitializeOnLoadMethodAttributes (35ms)
			AfterProcessingInitializeOnLoad (13ms)
			EditorAssembliesLoaded (0ms)
		ExecutionOrderSort2 (0ms)
		AwakeInstancesAfterBackupRestoration (13ms)
Refreshing native plugins compatible for Editor in 7.97 ms, found 3 plugins.
Preloading 0 native plugins for Editor in 0.00 ms.
Unloading 3170 Unused Serialized files (Serialized files now loaded: 0)
Unloading 23 unused Assets / (31.2 KB). Loaded Objects now: 3673.
Memory consumption went from 134.8 MB to 134.8 MB.
Total: 5.135500 ms (FindLiveObjects: 0.334600 ms CreateObjectMapping: 0.312400 ms MarkObjects: 4.415800 ms  DeleteObjects: 0.071300 ms)

Prepare: number of updated asset objects reloaded= 0
AssetImportParameters requested are different than current active one (requested -> active):
  custom:container-demuxer-ogg: 62fdf1f143b41e24485cea50d1cbac27 -> 
  custom:video-decoder-ogg-theora: a1e56fd34408186e4bbccfd4996cb3dc -> 
  custom:framework-win-MediaFoundation: 216162199b28c13a410421893ffa2e32 -> 
  custom:CustomObjectIndexerAttribute: 9a22284fe3817be447336de3de66b15e -> 
  custom:container-demuxer-webm: 4f35f7cbe854078d1ac9338744f61a02 -> 
  custom:container-muxer-webm: aa71ff27fc2769a1b78a27578f13a17b -> 
  custom:video-decoder-webm-vp8: 9c59270c3fd7afecdb556c50c9e8de78 -> 
  custom:SearchIndexIgnoredProperties: e643bd26f0fe6173181afceb89e7c659 -> 
  custom:AudioImporter_EditorPlatform: d09bf68614088b80899f8185d706f6e7 -> 
  custom:video-encoder-webm-vp8: eb34c28f22e8b96e1ab97ce403110664 -> 
  custom:audio-decoder-ogg-vorbis: bf7c407c2cedff20999df2af8eb42d56 -> 
  custom:audio-encoder-webm-vorbis: bf7c407c2cedff20999df2af8eb42d56 -> 
========================================================================
Received Import Request.
  Time since last request: 76949.296437 seconds.
  path: Assets/Prefabs/HealthBar.prefab
  artifactKey: Guid(6765525eca73c9544bc325d6f3e03086) Importer(815301076,1909f56bfc062723c751e8b465ee728b)
Start importing Assets/Prefabs/HealthBar.prefab using Guid(6765525eca73c9544bc325d6f3e03086) Importer(815301076,1909f56bfc062723c751e8b465ee728b)  -> (artifact id: '4b4fcf32af1405a60a2c90a5b526d023') in 0.048037 seconds
Number of updated asset objects reloaded before import = 0
Number of asset objects unloaded after import = 27
========================================================================
Received Prepare
Begin MonoManager ReloadAssembly
- Loaded All Assemblies, in  0.636 seconds
Refreshing native plugins compatible for Editor in 5.36 ms, found 3 plugins.
Native extension for WindowsStandalone target not found
[Package Manager] Server::EnsureServerProcessIsRunning -- launch failed, reason: Unity was launched with the -noUpm command-line argument
[Package Manager] UpmClient::Send -- Unable to send message (not connected to UPM process).
[Package Manager] Cannot connect to Unity Package Manager local server
Mono: successfully reloaded assembly
- Finished resetting the current domain, in  1.460 seconds
Domain Reload Profiling: 2088ms
	BeginReloadAssembly (202ms)
		ExecutionOrderSort (0ms)
		DisableScriptedObjects (5ms)
		BackupInstance (0ms)
		ReleaseScriptingObjects (0ms)
		CreateAndSetChildDomain (46ms)
	RebuildCommonClasses (54ms)
	RebuildNativeTypeToScriptingClass (19ms)
	initialDomainReloadingComplete (50ms)
	LoadAllAssembliesAndSetupDomain (302ms)
		LoadAssemblies (401ms)
		RebuildTransferFunctionScriptingTraits (0ms)
		AnalyzeDomain (14ms)
			TypeCache.Refresh (7ms)
				TypeCache.ScanAssembly (0ms)
			ScanForSourceGeneratedMonoScriptInfo (0ms)
			ResolveRequiredComponents (6ms)
	FinalizeReload (1461ms)
		ReleaseScriptCaches (0ms)
		RebuildScriptCaches (0ms)
		SetupLoadedEditorAssemblies (694ms)
			LogAssemblyErrors (0ms)
			InitializePlatformSupportModulesInManaged (11ms)
			SetLoadedEditorAssemblies (6ms)
			RefreshPlugins (0ms)
			BeforeProcessingInitializeOnLoad (109ms)
			ProcessInitializeOnLoadAttributes (516ms)
			ProcessInitializeOnLoadMethodAttributes (34ms)
			AfterProcessingInitializeOnLoad (17ms)
			EditorAssembliesLoaded (0ms)
		ExecutionOrderSort2 (0ms)
		AwakeInstancesAfterBackupRestoration (17ms)
Refreshing native plugins compatible for Editor in 8.08 ms, found 3 plugins.
Preloading 0 native plugins for Editor in 0.00 ms.
Unloading 3169 Unused Serialized files (Serialized files now loaded: 0)
Unloading 26 unused Assets / (33.5 KB). Loaded Objects now: 3677.
Memory consumption went from 136.5 MB to 136.5 MB.
Total: 6.135600 ms (FindLiveObjects: 0.348700 ms CreateObjectMapping: 0.538900 ms MarkObjects: 5.123100 ms  DeleteObjects: 0.123100 ms)

Prepare: number of updated asset objects reloaded= 0
AssetImportParameters requested are different than current active one (requested -> active):
  custom:container-demuxer-ogg: 62fdf1f143b41e24485cea50d1cbac27 -> 
  custom:video-decoder-ogg-theora: a1e56fd34408186e4bbccfd4996cb3dc -> 
  custom:framework-win-MediaFoundation: 216162199b28c13a410421893ffa2e32 -> 
  custom:CustomObjectIndexerAttribute: 9a22284fe3817be447336de3de66b15e -> 
  custom:container-demuxer-webm: 4f35f7cbe854078d1ac9338744f61a02 -> 
  custom:container-muxer-webm: aa71ff27fc2769a1b78a27578f13a17b -> 
  custom:video-decoder-webm-vp8: 9c59270c3fd7afecdb556c50c9e8de78 -> 
  custom:SearchIndexIgnoredProperties: e643bd26f0fe6173181afceb89e7c659 -> 
  custom:AudioImporter_EditorPlatform: d09bf68614088b80899f8185d706f6e7 -> 
  custom:video-encoder-webm-vp8: eb34c28f22e8b96e1ab97ce403110664 -> 
  custom:audio-decoder-ogg-vorbis: bf7c407c2cedff20999df2af8eb42d56 -> 
  custom:audio-encoder-webm-vorbis: bf7c407c2cedff20999df2af8eb42d56 -> 
========================================================================
Received Import Request.
  Time since last request: 775.515276 seconds.
  path: Assets/Materials/Ammo 1.mat
  artifactKey: Guid(3e88bd61b023d4143b512a732a4d3fc8) Importer(2089858483,0ecaa5967403d082aa24f35e1b516d23)
Start importing Assets/Materials/Ammo 1.mat using Guid(3e88bd61b023d4143b512a732a4d3fc8) Importer(2089858483,0ecaa5967403d082aa24f35e1b516d23)  -> (artifact id: '0fd24fa574966c4996ccd98fc5c9f679') in 0.245472 seconds
Number of updated asset objects reloaded before import = 0
Number of asset objects unloaded after import = 1
========================================================================
Received Import Request.
  Time since last request: 0.000033 seconds.
  path: Assets/TextMesh Pro/Resources/LineBreaking Leading Characters.txt
  artifactKey: Guid(d82c1b31c7e74239bff1220585707d2b) Importer(2089858483,0ecaa5967403d082aa24f35e1b516d23)
Start importing Assets/TextMesh Pro/Resources/LineBreaking Leading Characters.txt using Guid(d82c1b31c7e74239bff1220585707d2b) Importer(2089858483,0ecaa5967403d082aa24f35e1b516d23)  -> (artifact id: 'e40c1f83490bfa9048be1685beaa0b22') in 0.007046 seconds
Number of updated asset objects reloaded before import = 0
Number of asset objects unloaded after import = 1
========================================================================
Received Import Request.
  Time since last request: 0.000034 seconds.
  path: Assets/TextMesh Pro/Shaders/TMPro_Mobile.cginc
  artifactKey: Guid(c334973cef89a9840b0b0c507e0377ab) Importer(2089858483,0ecaa5967403d082aa24f35e1b516d23)
Start importing Assets/TextMesh Pro/Shaders/TMPro_Mobile.cginc using Guid(c334973cef89a9840b0b0c507e0377ab) Importer(2089858483,0ecaa5967403d082aa24f35e1b516d23)  -> (artifact id: '3d250ef2a16c18a59b4b5edcf28f31b9') in 0.007318 seconds
Number of updated asset objects reloaded before import = 0
Number of asset objects unloaded after import = 1
========================================================================
Received Import Request.
  Time since last request: 0.000032 seconds.
  path: Assets/Materials/CorrectPlace.mat
  artifactKey: Guid(3f179eeaa89eab54abad9ce0dc484275) Importer(2089858483,0ecaa5967403d082aa24f35e1b516d23)
Start importing Assets/Materials/CorrectPlace.mat using Guid(3f179eeaa89eab54abad9ce0dc484275) Importer(2089858483,0ecaa5967403d082aa24f35e1b516d23)  -> (artifact id: '86bcedb6bc59ce6f0db112b74b49fec4') in 0.010129 seconds
Number of updated asset objects reloaded before import = 0
Number of asset objects unloaded after import = 1
========================================================================
Received Import Request.
  Time since last request: 0.000019 seconds.
  path: Assets/Prefabs/Node.prefab
  artifactKey: Guid(b79ba9cf3c365a948a4ecccedf9e1b1d) Importer(2089858483,0ecaa5967403d082aa24f35e1b516d23)
Start importing Assets/Prefabs/Node.prefab using Guid(b79ba9cf3c365a948a4ecccedf9e1b1d) Importer(2089858483,0ecaa5967403d082aa24f35e1b516d23)  -> (artifact id: '61542247e2b27e6075edee7c479db96c') in 0.033868 seconds
Number of updated asset objects reloaded before import = 0
Number of asset objects unloaded after import = 7
========================================================================
Received Import Request.
  Time since last request: 0.000035 seconds.
  path: Assets/Code/Albert Code/TerrainGeneration_Perlin/PerlinNoiseTexture.cs
  artifactKey: Guid(ad077a9d1d27b074e8d0b47cb5bfda60) Importer(2089858483,0ecaa5967403d082aa24f35e1b516d23)
Start importing Assets/Code/Albert Code/TerrainGeneration_Perlin/PerlinNoiseTexture.cs using Guid(ad077a9d1d27b074e8d0b47cb5bfda60) Importer(2089858483,0ecaa5967403d082aa24f35e1b516d23)  -> (artifact id: '26b2eaa15e1d3184f1e6f03f3b249d3a') in 0.009418 seconds
Number of updated asset objects reloaded before import = 0
Number of asset objects unloaded after import = 1
========================================================================
Received Import Request.
  Time since last request: 0.000021 seconds.
  path: Assets/Prefabs/TowerTurret.prefab
  artifactKey: Guid(2af0f2d6179b72d4cb38d17a06ed9094) Importer(2089858483,0ecaa5967403d082aa24f35e1b516d23)
Start importing Assets/Prefabs/TowerTurret.prefab using Guid(2af0f2d6179b72d4cb38d17a06ed9094) Importer(2089858483,0ecaa5967403d082aa24f35e1b516d23)  -> (artifact id: '3ebfa7218997e83b46a8ff5a231b50cb') in 0.052291 seconds
Number of updated asset objects reloaded before import = 0
Number of asset objects unloaded after import = 52
========================================================================
Received Import Request.
  Time since last request: 0.000028 seconds.
  path: Assets/Materials/Ground.mat
  artifactKey: Guid(b4b96d3e6a7873444b635301578fdfa5) Importer(2089858483,0ecaa5967403d082aa24f35e1b516d23)
Start importing Assets/Materials/Ground.mat using Guid(b4b96d3e6a7873444b635301578fdfa5) Importer(2089858483,0ecaa5967403d082aa24f35e1b516d23)  -> (artifact id: '9e7b9dddbf4213d5058239af68c9ab49') in 0.008934 seconds
Number of updated asset objects reloaded before import = 0
Number of asset objects unloaded after import = 1
========================================================================
Received Import Request.
  Time since last request: 0.000027 seconds.
  path: Assets/Prefabs/TL 3.terrainlayer
  artifactKey: Guid(0ed65b173653a65488bb1163e609a3d7) Importer(2089858483,0ecaa5967403d082aa24f35e1b516d23)
Start importing Assets/Prefabs/TL 3.terrainlayer using Guid(0ed65b173653a65488bb1163e609a3d7) Importer(2089858483,0ecaa5967403d082aa24f35e1b516d23)  -> (artifact id: '2227fe52d5dd100dc0c2c54012e5efcc') in 0.012214 seconds
Number of updated asset objects reloaded before import = 0
Number of asset objects unloaded after import = 1
========================================================================
Received Import Request.
  Time since last request: 0.000021 seconds.
  path: Assets/Code/Albert Code/MainGameCode/PerlinOne.cs
  artifactKey: Guid(b8a0622784dcccc479018e61a30207a1) Importer(2089858483,0ecaa5967403d082aa24f35e1b516d23)
Start importing Assets/Code/Albert Code/MainGameCode/PerlinOne.cs using Guid(b8a0622784dcccc479018e61a30207a1) Importer(2089858483,0ecaa5967403d082aa24f35e1b516d23)  -> (artifact id: '04d1867688f8d88e78739a9fbddb9c30') in 0.007280 seconds
Number of updated asset objects reloaded before import = 0
Number of asset objects unloaded after import = 1
========================================================================
Received Import Request.
  Time since last request: 0.000022 seconds.
  path: Assets/Code/Albert Code/MainGameCode/WormSpawner.cs
  artifactKey: Guid(c436129a57b7b4546adae16fc5c9b695) Importer(2089858483,0ecaa5967403d082aa24f35e1b516d23)
Start importing Assets/Code/Albert Code/MainGameCode/WormSpawner.cs using Guid(c436129a57b7b4546adae16fc5c9b695) Importer(2089858483,0ecaa5967403d082aa24f35e1b516d23)  -> (artifact id: '780188ca5926972a11104948d859171a') in 0.008181 seconds
Number of updated asset objects reloaded before import = 0
Number of asset objects unloaded after import = 1
========================================================================
Received Import Request.
  Time since last request: 0.000028 seconds.
  path: Assets/TextMesh Pro/Shaders/TMP_Bitmap-Custom-Atlas.shader
  artifactKey: Guid(48bb5f55d8670e349b6e614913f9d910) Importer(2089858483,0ecaa5967403d082aa24f35e1b516d23)
Start importing Assets/TextMesh Pro/Shaders/TMP_Bitmap-Custom-Atlas.shader using Guid(48bb5f55d8670e349b6e614913f9d910) Importer(2089858483,0ecaa5967403d082aa24f35e1b516d23)  -> (artifact id: 'ffddbbbd7ff2908ce7f7613851115c7c') in 0.015874 seconds
Number of updated asset objects reloaded before import = 0
Number of asset objects unloaded after import = 1
========================================================================
Received Import Request.
  Time since last request: 0.000022 seconds.
  path: Assets/Code/Albert Code/TerrainGeneration_Main/BoidManager.cs
  artifactKey: Guid(e022bc5d8dcb47243923d9353589d94b) Importer(2089858483,0ecaa5967403d082aa24f35e1b516d23)
Start importing Assets/Code/Albert Code/TerrainGeneration_Main/BoidManager.cs using Guid(e022bc5d8dcb47243923d9353589d94b) Importer(2089858483,0ecaa5967403d082aa24f35e1b516d23)  -> (artifact id: '0bdb5027dc0cc6d6c70de95337f26954') in 0.006752 seconds
Number of updated asset objects reloaded before import = 0
Number of asset objects unloaded after import = 1
========================================================================
Received Import Request.
  Time since last request: 0.000048 seconds.
  path: Assets/Scenes/TowerGameMechanicsTest/NavMesh-Terrain.asset
  artifactKey: Guid(03ad68b86b43e0c41aaf83da29aaffce) Importer(2089858483,0ecaa5967403d082aa24f35e1b516d23)
Start importing Assets/Scenes/TowerGameMechanicsTest/NavMesh-Terrain.asset using Guid(03ad68b86b43e0c41aaf83da29aaffce) Importer(2089858483,0ecaa5967403d082aa24f35e1b516d23)  -> (artifact id: '3dd349550df44bf36659d7d96406cfa4') in 0.013824 seconds
Number of updated asset objects reloaded before import = 0
Number of asset objects unloaded after import = 1
========================================================================
Received Import Request.
  Time since last request: 0.000021 seconds.
  path: Assets/Scenes/TowerGameMechanicsTestF.unity
  artifactKey: Guid(c563a8e12bbbcff429ef3772b0d40b8a) Importer(2089858483,0ecaa5967403d082aa24f35e1b516d23)
Start importing Assets/Scenes/TowerGameMechanicsTestF.unity using Guid(c563a8e12bbbcff429ef3772b0d40b8a) Importer(2089858483,0ecaa5967403d082aa24f35e1b516d23)  -> (artifact id: 'd5a4b1241132b1ac310b2b133de192ca') in 0.006080 seconds
Number of updated asset objects reloaded before import = 0
Number of asset objects unloaded after import = 1
========================================================================
Received Import Request.
  Time since last request: 0.000034 seconds.
  path: Assets/Scenes/SampleScene.unity
  artifactKey: Guid(9fc0d4010bbf28b4594072e72b8655ab) Importer(2089858483,0ecaa5967403d082aa24f35e1b516d23)
Start importing Assets/Scenes/SampleScene.unity using Guid(9fc0d4010bbf28b4594072e72b8655ab) Importer(2089858483,0ecaa5967403d082aa24f35e1b516d23)  -> (artifact id: '442de99b294226d237306eeda5560d9b') in 0.007721 seconds
Number of updated asset objects reloaded before import = 0
Number of asset objects unloaded after import = 1
========================================================================
Received Import Request.
  Time since last request: 0.000030 seconds.
  path: Assets/Code/Albert Code/TerrainGeneration_MarchingCubes/Cubemap.cs
  artifactKey: Guid(842f31bde77310248be0fbc4a3722a60) Importer(2089858483,0ecaa5967403d082aa24f35e1b516d23)
Start importing Assets/Code/Albert Code/TerrainGeneration_MarchingCubes/Cubemap.cs using Guid(842f31bde77310248be0fbc4a3722a60) Importer(2089858483,0ecaa5967403d082aa24f35e1b516d23)  -> (artifact id: '07fbd7914fa5182a963403f0ebd91133') in 0.006130 seconds
Number of updated asset objects reloaded before import = 0
Number of asset objects unloaded after import = 1
========================================================================
Received Import Request.
  Time since last request: 0.000042 seconds.
  path: Assets/Prefabs/AmmoType1.prefab
  artifactKey: Guid(32aa338f3456b324994735da96f0456d) Importer(2089858483,0ecaa5967403d082aa24f35e1b516d23)
Start importing Assets/Prefabs/AmmoType1.prefab using Guid(32aa338f3456b324994735da96f0456d) Importer(2089858483,0ecaa5967403d082aa24f35e1b516d23)  -> (artifact id: '3b604522a75fb731585b4861bc6017fa') in 0.012731 seconds
Number of updated asset objects reloaded before import = 0
Number of asset objects unloaded after import = 7
========================================================================
Received Import Request.
  Time since last request: 0.000029 seconds.
  path: Assets/Scenes/TowerGameMechanicsTest.unity
  artifactKey: Guid(7a344bcb733fbbe4087827d3e02b22d4) Importer(2089858483,0ecaa5967403d082aa24f35e1b516d23)
Start importing Assets/Scenes/TowerGameMechanicsTest.unity using Guid(7a344bcb733fbbe4087827d3e02b22d4) Importer(2089858483,0ecaa5967403d082aa24f35e1b516d23)  -> (artifact id: 'cad1ecd596bb21ea2ce83057305f239c') in 0.008941 seconds
Number of updated asset objects reloaded before import = 0
Number of asset objects unloaded after import = 1
========================================================================
Received Import Request.
  Time since last request: 0.000055 seconds.
  path: Assets/Code/Albert Code/ConsoleApp1.cs
  artifactKey: Guid(ec0dac081e0b4ad42ac44926ccee7c89) Importer(2089858483,0ecaa5967403d082aa24f35e1b516d23)
Start importing Assets/Code/Albert Code/ConsoleApp1.cs using Guid(ec0dac081e0b4ad42ac44926ccee7c89) Importer(2089858483,0ecaa5967403d082aa24f35e1b516d23)  -> (artifact id: '9bf33b55145751482892253e5668280c') in 0.009006 seconds
Number of updated asset objects reloaded before import = 0
Number of asset objects unloaded after import = 1
========================================================================
Received Import Request.
  Time since last request: 0.000041 seconds.
  path: Assets/TextMesh Pro/Shaders/TMP_Sprite.shader
  artifactKey: Guid(cf81c85f95fe47e1a27f6ae460cf182c) Importer(2089858483,0ecaa5967403d082aa24f35e1b516d23)
Start importing Assets/TextMesh Pro/Shaders/TMP_Sprite.shader using Guid(cf81c85f95fe47e1a27f6ae460cf182c) Importer(2089858483,0ecaa5967403d082aa24f35e1b516d23)  -> (artifact id: 'd1f6e513c8bc9d7db7eaf3f53b5481ba') in 0.011395 seconds
Number of updated asset objects reloaded before import = 0
Number of asset objects unloaded after import = 1
========================================================================
Received Import Request.
  Time since last request: 0.000050 seconds.
  path: Assets/TextMesh Pro/Sprites/EmojiOne Attribution.txt
  artifactKey: Guid(381dcb09d5029d14897e55f98031fca5) Importer(2089858483,0ecaa5967403d082aa24f35e1b516d23)
Start importing Assets/TextMesh Pro/Sprites/EmojiOne Attribution.txt using Guid(381dcb09d5029d14897e55f98031fca5) Importer(2089858483,0ecaa5967403d082aa24f35e1b516d23)  -> (artifact id: '32559cd37c45ffb7829c2421c738d46a') in 0.008962 seconds
Number of updated asset objects reloaded before import = 0
Number of asset objects unloaded after import = 1
========================================================================
Received Import Request.
  Time since last request: 0.000041 seconds.
  path: Assets/Code/Nkwe Code/Towers/Ammotypes/Ammo.cs
  artifactKey: Guid(d777778cdeb0cb94d81d38ed3177188f) Importer(2089858483,0ecaa5967403d082aa24f35e1b516d23)
Start importing Assets/Code/Nkwe Code/Towers/Ammotypes/Ammo.cs using Guid(d777778cdeb0cb94d81d38ed3177188f) Importer(2089858483,0ecaa5967403d082aa24f35e1b516d23)  -> (artifact id: 'd3bb1ec6823b0a455c7cb98c4f00661d') in 0.009421 seconds
Number of updated asset objects reloaded before import = 0
Number of asset objects unloaded after import = 1
========================================================================
Received Import Request.
  Time since last request: 0.000064 seconds.
  path: Assets/Code/Albert Code/TerrainGeneration_Main/DotPainterS.cs
  artifactKey: Guid(8d54714ab82dbd7468d4342bd83d1602) Importer(2089858483,0ecaa5967403d082aa24f35e1b516d23)
Start importing Assets/Code/Albert Code/TerrainGeneration_Main/DotPainterS.cs using Guid(8d54714ab82dbd7468d4342bd83d1602) Importer(2089858483,0ecaa5967403d082aa24f35e1b516d23)  -> (artifact id: '87cac8354dab4639734f5d6abfbf4316') in 0.007926 seconds
Number of updated asset objects reloaded before import = 0
Number of asset objects unloaded after import = 1
========================================================================
Received Import Request.
  Time since last request: 0.000026 seconds.
  path: Assets/Prefabs/Berserker_ET.prefab
  artifactKey: Guid(ab1ef38315ffabe42b19f24a21ae3db2) Importer(2089858483,0ecaa5967403d082aa24f35e1b516d23)
Start importing Assets/Prefabs/Berserker_ET.prefab using Guid(ab1ef38315ffabe42b19f24a21ae3db2) Importer(2089858483,0ecaa5967403d082aa24f35e1b516d23)  -> (artifact id: 'cd53fd62b1ec9c2b090e6482b3b25252') in 0.021613 seconds
Number of updated asset objects reloaded before import = 0
Number of asset objects unloaded after import = 35
========================================================================
Received Import Request.
  Time since last request: 0.000023 seconds.
  path: Assets/Code/Albert Code/TerrainGeneration_Main/TextureWorker.cs
  artifactKey: Guid(3384e9a702919d2459777ce22040ae1e) Importer(2089858483,0ecaa5967403d082aa24f35e1b516d23)
Start importing Assets/Code/Albert Code/TerrainGeneration_Main/TextureWorker.cs using Guid(3384e9a702919d2459777ce22040ae1e) Importer(2089858483,0ecaa5967403d082aa24f35e1b516d23)  -> (artifact id: '112618379ec0613301731ea8b664880c') in 0.007677 seconds
Number of updated asset objects reloaded before import = 0
Number of asset objects unloaded after import = 1
========================================================================
Received Import Request.
  Time since last request: 0.000036 seconds.
  path: Assets/TextMesh Pro/Resources/Fonts & Materials/LiberationSans SDF - Outline.mat
  artifactKey: Guid(79459efec17a4d00a321bdcc27bbc385) Importer(2089858483,0ecaa5967403d082aa24f35e1b516d23)
Start importing Assets/TextMesh Pro/Resources/Fonts & Materials/LiberationSans SDF - Outline.mat using Guid(79459efec17a4d00a321bdcc27bbc385) Importer(2089858483,0ecaa5967403d082aa24f35e1b516d23)  -> (artifact id: 'f1f39f63ade279e378683aa2e2d05de5') in 0.043208 seconds
Number of updated asset objects reloaded before import = 0
Number of asset objects unloaded after import = 2
========================================================================
Received Import Request.
  Time since last request: 0.000023 seconds.
  path: Assets/TextMesh Pro/Shaders/TMP_Bitmap.shader
  artifactKey: Guid(128e987d567d4e2c824d754223b3f3b0) Importer(2089858483,0ecaa5967403d082aa24f35e1b516d23)
Start importing Assets/TextMesh Pro/Shaders/TMP_Bitmap.shader using Guid(128e987d567d4e2c824d754223b3f3b0) Importer(2089858483,0ecaa5967403d082aa24f35e1b516d23)  -> (artifact id: 'ea755ea09297cf226b829b0634e08151') in 0.010228 seconds
Number of updated asset objects reloaded before import = 0
Number of asset objects unloaded after import = 1
========================================================================
Received Import Request.
  Time since last request: 0.000025 seconds.
  path: Assets/Code/Nkwe Code/Managers/UIManager.cs
  artifactKey: Guid(a8073c00db735fd44a04ff5623a9c872) Importer(2089858483,0ecaa5967403d082aa24f35e1b516d23)
Start importing Assets/Code/Nkwe Code/Managers/UIManager.cs using Guid(a8073c00db735fd44a04ff5623a9c872) Importer(2089858483,0ecaa5967403d082aa24f35e1b516d23)  -> (artifact id: 'b7e5cdd5db38c418f5a4f359c39e86ca') in 0.008440 seconds
Number of updated asset objects reloaded before import = 0
Number of asset objects unloaded after import = 1
========================================================================
Received Import Request.
  Time since last request: 0.000023 seconds.
  path: Assets/Materials/Tower 1.mat
  artifactKey: Guid(b310bb433ac138441bdb2ec8a4c02532) Importer(2089858483,0ecaa5967403d082aa24f35e1b516d23)
Start importing Assets/Materials/Tower 1.mat using Guid(b310bb433ac138441bdb2ec8a4c02532) Importer(2089858483,0ecaa5967403d082aa24f35e1b516d23)  -> (artifact id: '39aedd4a613099195cad8e622093b01a') in 0.012265 seconds
Number of updated asset objects reloaded before import = 0
Number of asset objects unloaded after import = 1
========================================================================
Received Import Request.
  Time since last request: 0.000026 seconds.
  path: Assets/Code/Albert Code/TerrainGeneration_Main/TextureCollector.cs
  artifactKey: Guid(ed31241c913caa1438a8dd89c7b55b0f) Importer(2089858483,0ecaa5967403d082aa24f35e1b516d23)
Start importing Assets/Code/Albert Code/TerrainGeneration_Main/TextureCollector.cs using Guid(ed31241c913caa1438a8dd89c7b55b0f) Importer(2089858483,0ecaa5967403d082aa24f35e1b516d23)  -> (artifact id: 'f146c76b0a3ce35ede931c9f23f963ac') in 0.008276 seconds
Number of updated asset objects reloaded before import = 0
Number of asset objects unloaded after import = 1
========================================================================
Received Import Request.
  Time since last request: 0.000043 seconds.
  path: Assets/Code/Albert Code/TerrainGeneration_Main/Tev - Texture Code.mat
  artifactKey: Guid(370589c5278863940b1c97b9ad4d8b31) Importer(2089858483,0ecaa5967403d082aa24f35e1b516d23)
Start importing Assets/Code/Albert Code/TerrainGeneration_Main/Tev - Texture Code.mat using Guid(370589c5278863940b1c97b9ad4d8b31) Importer(2089858483,0ecaa5967403d082aa24f35e1b516d23)  -> (artifact id: '7c14745799943301390c12155c3e625b') in 0.014332 seconds
Number of updated asset objects reloaded before import = 0
Number of asset objects unloaded after import = 1
========================================================================
Received Import Request.
  Time since last request: 0.000035 seconds.
  path: Assets/TextMesh Pro/Resources/TMP Settings.asset
  artifactKey: Guid(3f5b5dff67a942289a9defa416b206f3) Importer(2089858483,0ecaa5967403d082aa24f35e1b516d23)
Start importing Assets/TextMesh Pro/Resources/TMP Settings.asset using Guid(3f5b5dff67a942289a9defa416b206f3) Importer(2089858483,0ecaa5967403d082aa24f35e1b516d23)  -> (artifact id: '19237f109729af84583064ca390f58df') in 0.104194 seconds
Number of updated asset objects reloaded before import = 0
Number of asset objects unloaded after import = 15
========================================================================
Received Import Request.
  Time since last request: 0.000028 seconds.
  path: Assets/Code/Albert Code/TerrainGeneration_Main/E - Perlin Code.mat
  artifactKey: Guid(f66b50a101659f648a11b5f0d877bf85) Importer(2089858483,0ecaa5967403d082aa24f35e1b516d23)
Start importing Assets/Code/Albert Code/TerrainGeneration_Main/E - Perlin Code.mat using Guid(f66b50a101659f648a11b5f0d877bf85) Importer(2089858483,0ecaa5967403d082aa24f35e1b516d23)  -> (artifact id: 'f491e9b2fa69f5763d488fb5336bc2d9') in 0.011484 seconds
Number of updated asset objects reloaded before import = 0
Number of asset objects unloaded after import = 1
========================================================================
Received Import Request.
  Time since last request: 0.000022 seconds.
  path: Assets/Code/Albert Code/TerrainGeneration_Main/InvertedPerlinNoise.cs
  artifactKey: Guid(b27bef5097b55c44bb607872eb5c07e7) Importer(2089858483,0ecaa5967403d082aa24f35e1b516d23)
Start importing Assets/Code/Albert Code/TerrainGeneration_Main/InvertedPerlinNoise.cs using Guid(b27bef5097b55c44bb607872eb5c07e7) Importer(2089858483,0ecaa5967403d082aa24f35e1b516d23)  -> (artifact id: '881e83c0857a798248b44a07a7468b20') in 0.009136 seconds
Number of updated asset objects reloaded before import = 0
Number of asset objects unloaded after import = 1
========================================================================
Received Import Request.
  Time since last request: 0.000051 seconds.
  path: Assets/Code/Albert Code/TerrainGeneration_Main/T1 - Terrein Code.mat
  artifactKey: Guid(979ff972bcd720146afe8b3e612125b0) Importer(2089858483,0ecaa5967403d082aa24f35e1b516d23)
Start importing Assets/Code/Albert Code/TerrainGeneration_Main/T1 - Terrein Code.mat using Guid(979ff972bcd720146afe8b3e612125b0) Importer(2089858483,0ecaa5967403d082aa24f35e1b516d23)  -> (artifact id: '1558549d64cf6c0809f28641cd60b195') in 0.013835 seconds
Number of updated asset objects reloaded before import = 0
Number of asset objects unloaded after import = 1
========================================================================
Received Import Request.
  Time since last request: 0.000022 seconds.
  path: Assets/TextMesh Pro/Resources/Style Sheets/Default Style Sheet.asset
  artifactKey: Guid(f952c082cb03451daed3ee968ac6c63e) Importer(2089858483,0ecaa5967403d082aa24f35e1b516d23)
Start importing Assets/TextMesh Pro/Resources/Style Sheets/Default Style Sheet.asset using Guid(f952c082cb03451daed3ee968ac6c63e) Importer(2089858483,0ecaa5967403d082aa24f35e1b516d23)  -> (artifact id: '6afa17e50861e61e2a639a12bbe3ef6f') in 0.009559 seconds
Number of updated asset objects reloaded before import = 0
Number of asset objects unloaded after import = 1
========================================================================
Received Import Request.
  Time since last request: 0.000023 seconds.
  path: Assets/Prefabs/Enemy.prefab
  artifactKey: Guid(fe34b3506ac1ace499966d40cfa3cd8c) Importer(2089858483,0ecaa5967403d082aa24f35e1b516d23)
Start importing Assets/Prefabs/Enemy.prefab using Guid(fe34b3506ac1ace499966d40cfa3cd8c) Importer(2089858483,0ecaa5967403d082aa24f35e1b516d23)  -> (artifact id: '71ea81ce402847729a0f0a399873e4a1') in 0.022562 seconds
Number of updated asset objects reloaded before import = 0
Number of asset objects unloaded after import = 35
========================================================================
Received Import Request.
  Time since last request: 0.000024 seconds.
  path: Assets/Code/Nkwe Code/Towers/Tower.cs
  artifactKey: Guid(70d0c4e79fa91cd4ab6e1e5a1acb6dd1) Importer(2089858483,0ecaa5967403d082aa24f35e1b516d23)
Start importing Assets/Code/Nkwe Code/Towers/Tower.cs using Guid(70d0c4e79fa91cd4ab6e1e5a1acb6dd1) Importer(2089858483,0ecaa5967403d082aa24f35e1b516d23)  -> (artifact id: 'fb8395f4ca64f261755f229f865c2c70') in 0.010226 seconds
Number of updated asset objects reloaded before import = 0
Number of asset objects unloaded after import = 1
========================================================================
Received Import Request.
  Time since last request: 0.000048 seconds.
  path: Assets/Materials/Floor.mat
  artifactKey: Guid(cc794cf4d75546f41a1fcba5353352b1) Importer(2089858483,0ecaa5967403d082aa24f35e1b516d23)
Start importing Assets/Materials/Floor.mat using Guid(cc794cf4d75546f41a1fcba5353352b1) Importer(2089858483,0ecaa5967403d082aa24f35e1b516d23)  -> (artifact id: '1dabf9c00d89719107f39364334fa837') in 0.010103 seconds
Number of updated asset objects reloaded before import = 0
Number of asset objects unloaded after import = 1
========================================================================
Received Import Request.
  Time since last request: 0.000027 seconds.
  path: Assets/Materials/Tower 3.mat
  artifactKey: Guid(80f1814f134aed44891f6dbcfb77d403) Importer(2089858483,0ecaa5967403d082aa24f35e1b516d23)
Start importing Assets/Materials/Tower 3.mat using Guid(80f1814f134aed44891f6dbcfb77d403) Importer(2089858483,0ecaa5967403d082aa24f35e1b516d23)  -> (artifact id: '1fd1a5795c9915de8554cf217a7810e2') in 0.011936 seconds
Number of updated asset objects reloaded before import = 0
Number of asset objects unloaded after import = 1
========================================================================
Received Import Request.
  Time since last request: 0.000037 seconds.
  path: Assets/Prefabs/TL 2.terrainlayer
  artifactKey: Guid(4239d1d7befcabd49aa5e8356066b6c9) Importer(2089858483,0ecaa5967403d082aa24f35e1b516d23)
Start importing Assets/Prefabs/TL 2.terrainlayer using Guid(4239d1d7befcabd49aa5e8356066b6c9) Importer(2089858483,0ecaa5967403d082aa24f35e1b516d23)  -> (artifact id: '7241cbf342c970ad2cf364ac872ff3e6') in 0.010338 seconds
Number of updated asset objects reloaded before import = 0
Number of asset objects unloaded after import = 1
========================================================================
Received Import Request.
  Time since last request: 0.000038 seconds.
  path: Assets/Prefabs/HealthBar.prefab
  artifactKey: Guid(6765525eca73c9544bc325d6f3e03086) Importer(2089858483,0ecaa5967403d082aa24f35e1b516d23)
Start importing Assets/Prefabs/HealthBar.prefab using Guid(6765525eca73c9544bc325d6f3e03086) Importer(2089858483,0ecaa5967403d082aa24f35e1b516d23)  -> (artifact id: '5553894d85753cf266573809d990449f') in 0.029295 seconds
Number of updated asset objects reloaded before import = 0
Number of asset objects unloaded after import = 27
========================================================================
Received Import Request.
  Time since last request: 0.000025 seconds.
  path: Assets/Code/Albert Code/MainGameCode/CubePathGenerator.cs
  artifactKey: Guid(4113a3901efad2b42b83d43c0e5e6804) Importer(2089858483,0ecaa5967403d082aa24f35e1b516d23)
Start importing Assets/Code/Albert Code/MainGameCode/CubePathGenerator.cs using Guid(4113a3901efad2b42b83d43c0e5e6804) Importer(2089858483,0ecaa5967403d082aa24f35e1b516d23)  -> (artifact id: 'd606acbbc8b792a22d8b9bf5c934b941') in 0.009546 seconds
Number of updated asset objects reloaded before import = 0
Number of asset objects unloaded after import = 1
========================================================================
Received Import Request.
  Time since last request: 0.000100 seconds.
  path: Assets/Code/Nkwe Code/TerrainManagerElectricBogaloo.cs
  artifactKey: Guid(f2af1113f2b4a7544824181de1e9429b) Importer(2089858483,0ecaa5967403d082aa24f35e1b516d23)
Start importing Assets/Code/Nkwe Code/TerrainManagerElectricBogaloo.cs using Guid(f2af1113f2b4a7544824181de1e9429b) Importer(2089858483,0ecaa5967403d082aa24f35e1b516d23)  -> (artifact id: '26145a7162da33e3d0e64989a3d7c583') in 0.009026 seconds
Number of updated asset objects reloaded before import = 0
Number of asset objects unloaded after import = 1
========================================================================
Received Import Request.
  Time since last request: 0.000024 seconds.
  path: Assets/TextMesh Pro/Shaders/TMP_SDF-Surface.shader
  artifactKey: Guid(f7ada0af4f174f0694ca6a487b8f543d) Importer(2089858483,0ecaa5967403d082aa24f35e1b516d23)
Start importing Assets/TextMesh Pro/Shaders/TMP_SDF-Surface.shader using Guid(f7ada0af4f174f0694ca6a487b8f543d) Importer(2089858483,0ecaa5967403d082aa24f35e1b516d23)  -> (artifact id: '317483e9057e672b98220a934e457a42') in 0.022267 seconds
Number of updated asset objects reloaded before import = 0
Number of asset objects unloaded after import = 1
========================================================================
Received Import Request.
  Time since last request: 0.000026 seconds.
  path: Assets/Code/Albert Code/MainGameCode/PathManager.cs
  artifactKey: Guid(d3078f37394808742bdf53deada19063) Importer(2089858483,0ecaa5967403d082aa24f35e1b516d23)
Start importing Assets/Code/Albert Code/MainGameCode/PathManager.cs using Guid(d3078f37394808742bdf53deada19063) Importer(2089858483,0ecaa5967403d082aa24f35e1b516d23)  -> (artifact id: '665d678052ddbf414a2e6d8523ff01e4') in 0.014364 seconds
Number of updated asset objects reloaded before import = 0
Number of asset objects unloaded after import = 1
========================================================================
Received Import Request.
  Time since last request: 0.000140 seconds.
  path: Assets/TextMesh Pro/Shaders/TMPro_Properties.cginc
  artifactKey: Guid(3997e2241185407d80309a82f9148466) Importer(2089858483,0ecaa5967403d082aa24f35e1b516d23)
Start importing Assets/TextMesh Pro/Shaders/TMPro_Properties.cginc using Guid(3997e2241185407d80309a82f9148466) Importer(2089858483,0ecaa5967403d082aa24f35e1b516d23)  -> (artifact id: '7bda55639414b0c19fdd422713d35722') in 0.011333 seconds
Number of updated asset objects reloaded before import = 0
Number of asset objects unloaded after import = 1
========================================================================
Received Import Request.
  Time since last request: 0.000017 seconds.
  path: Assets/Code/Albert Code/TerrainGeneration_Main/TerrainFeatureGenerator.cs
  artifactKey: Guid(c9a2fb2a637550c448164be4124ed690) Importer(2089858483,0ecaa5967403d082aa24f35e1b516d23)
Start importing Assets/Code/Albert Code/TerrainGeneration_Main/TerrainFeatureGenerator.cs using Guid(c9a2fb2a637550c448164be4124ed690) Importer(2089858483,0ecaa5967403d082aa24f35e1b516d23)  -> (artifact id: '432bdd1967586869e065d3ab57721ed9') in 0.011120 seconds
Number of updated asset objects reloaded before import = 0
Number of asset objects unloaded after import = 1
========================================================================
Received Import Request.
  Time since last request: 0.000023 seconds.
  path: Assets/TextMesh Pro/Fonts/LiberationSans - OFL.txt
  artifactKey: Guid(6e59c59b81ab47f9b6ec5781fa725d2c) Importer(2089858483,0ecaa5967403d082aa24f35e1b516d23)
Start importing Assets/TextMesh Pro/Fonts/LiberationSans - OFL.txt using Guid(6e59c59b81ab47f9b6ec5781fa725d2c) Importer(2089858483,0ecaa5967403d082aa24f35e1b516d23)  -> (artifact id: 'c5f45421d05e941c5eaa75eeba8b0fa3') in 0.011717 seconds
Number of updated asset objects reloaded before import = 0
Number of asset objects unloaded after import = 1
========================================================================
Received Import Request.
  Time since last request: 0.000039 seconds.
  path: Assets/Code/Nkwe Code/Towers/TowerManager.cs
  artifactKey: Guid(cdb42d16765d0174f96c4afe769a7b51) Importer(2089858483,0ecaa5967403d082aa24f35e1b516d23)
Start importing Assets/Code/Nkwe Code/Towers/TowerManager.cs using Guid(cdb42d16765d0174f96c4afe769a7b51) Importer(2089858483,0ecaa5967403d082aa24f35e1b516d23)  -> (artifact id: '7f0503f90dd607a0462e38cbd0de86f5') in 0.009812 seconds
Number of updated asset objects reloaded before import = 0
Number of asset objects unloaded after import = 1
========================================================================
Received Import Request.
  Time since last request: 0.000036 seconds.
  path: Assets/TextMesh Pro/Shaders/TMP_SDF.shader
  artifactKey: Guid(68e6db2ebdc24f95958faec2be5558d6) Importer(2089858483,0ecaa5967403d082aa24f35e1b516d23)
Start importing Assets/TextMesh Pro/Shaders/TMP_SDF.shader using Guid(68e6db2ebdc24f95958faec2be5558d6) Importer(2089858483,0ecaa5967403d082aa24f35e1b516d23)  -> (artifact id: 'aed41dbd49157dcd11edc3e455dbae7d') in 0.014228 seconds
Number of updated asset objects reloaded before import = 0
Number of asset objects unloaded after import = 1
========================================================================
Received Import Request.
  Time since last request: 0.000037 seconds.
  path: Assets/Code/Nkwe Code/Managers/GameManager.cs
  artifactKey: Guid(65cb9ead57ab6e64cb89d8d3615e167d) Importer(2089858483,0ecaa5967403d082aa24f35e1b516d23)
Start importing Assets/Code/Nkwe Code/Managers/GameManager.cs using Guid(65cb9ead57ab6e64cb89d8d3615e167d) Importer(2089858483,0ecaa5967403d082aa24f35e1b516d23)  -> (artifact id: 'b2758046b14588d73487472b7899447f') in 0.009542 seconds
Number of updated asset objects reloaded before import = 0
Number of asset objects unloaded after import = 1
========================================================================
Received Import Request.
  Time since last request: 0.000035 seconds.
  path: Assets/Code/Albert Code/MainGameCode/TerrainManagerElectricBogalooA.cs
  artifactKey: Guid(508fd28910768c34d8a88b86716fd7e7) Importer(2089858483,0ecaa5967403d082aa24f35e1b516d23)
Start importing Assets/Code/Albert Code/MainGameCode/TerrainManagerElectricBogalooA.cs using Guid(508fd28910768c34d8a88b86716fd7e7) Importer(2089858483,0ecaa5967403d082aa24f35e1b516d23)  -> (artifact id: '2ed5024a2f6956bcf2e0403016fc3400') in 0.009802 seconds
Number of updated asset objects reloaded before import = 0
Number of asset objects unloaded after import = 1
========================================================================
Received Import Request.
  Time since last request: 0.000093 seconds.
  path: Assets/Code/Albert Code/TerrainGeneration_Main/TextureManager.cs
  artifactKey: Guid(073b5389376a75c45a76393280e2d44d) Importer(2089858483,0ecaa5967403d082aa24f35e1b516d23)
Start importing Assets/Code/Albert Code/TerrainGeneration_Main/TextureManager.cs using Guid(073b5389376a75c45a76393280e2d44d) Importer(2089858483,0ecaa5967403d082aa24f35e1b516d23)  -> (artifact id: 'ec06f39abd35b51333a3ae7c9a8c1db9') in 0.012324 seconds
Number of updated asset objects reloaded before import = 0
Number of asset objects unloaded after import = 1
========================================================================
Received Import Request.
  Time since last request: 0.000023 seconds.
  path: Assets/Code/Nkwe Code/CamraControlFinal.cs
  artifactKey: Guid(b0abe0b750006664eaf008d025354583) Importer(2089858483,0ecaa5967403d082aa24f35e1b516d23)
Start importing Assets/Code/Nkwe Code/CamraControlFinal.cs using Guid(b0abe0b750006664eaf008d025354583) Importer(2089858483,0ecaa5967403d082aa24f35e1b516d23)  -> (artifact id: 'f0a0c9cdb40e5eee942e102a2f439222') in 0.010859 seconds
Number of updated asset objects reloaded before import = 0
Number of asset objects unloaded after import = 1
Editor requested this worker to shutdown with reason: Scaling down because of idle timeout
TcpMessagingSession - receive error: operation aborted. errorcode: 995, details: The I/O operation has been aborted because of either a thread exit or an application request.
AssetImportWorker is now disconnected from the server
Process exiting
Exiting without the bug reporter. Application will terminate with return code 0